[    0.000000] Initializing cgroup subsys cpuset
[    0.000000] Initializing cgroup subsys cpu
[    0.000000] Initializing cgroup subsys cpuacct
[    0.000000] Linux version 4.4.0-97-generic (buildd@lcy01-33) (gcc version 5.4.0 20160609 (Ubuntu 5.4.0-6ubuntu1~16.04.4) ) #120-Ubuntu SMP Tue Sep 19 17:28:18 UTC 2017 (Ubuntu 4.4.0-97.120-generic 4.4.87)
[    0.000000] Command line: BOOT_IMAGE=/boot/vmlinuz-4.4.0-97-generic root=LABEL=cloudimg-rootfs ro console=tty1 console=ttyS0
[    0.000000] KERNEL supported cpus:
[    0.000000]   Intel GenuineIntel
[    0.000000]   AMD AuthenticAMD
[    0.000000]   Centaur CentaurHauls
[    0.000000] x86/fpu: xstate_offset[2]:  576, xstate_sizes[2]:  256
[    0.000000] x86/fpu: Supporting XSAVE feature 0x01: 'x87 floating point registers'
[    0.000000] x86/fpu: Supporting XSAVE feature 0x02: 'SSE registers'
[    0.000000] x86/fpu: Supporting XSAVE feature 0x04: 'AVX registers'
[    0.000000] x86/fpu: Enabled xstate features 0x7, context size is 832 bytes, using 'standard' format.
[    0.000000] x86/fpu: Using 'lazy' FPU context switches.
[    0.000000] e820: BIOS-provided physical RAM map:
[    0.000000] BIOS-e820: [mem 0x0000000000000000-0x000000000009fbff] usable
[    0.000000] BIOS-e820: [mem 0x000000000009fc00-0x000000000009ffff] reserved
[    0.000000] BIOS-e820: [mem 0x00000000000f0000-0x00000000000fffff] reserved
[    0.000000] BIOS-e820: [mem 0x0000000000100000-0x000000007ffeffff] usable
[    0.000000] BIOS-e820: [mem 0x000000007fff0000-0x000000007fffffff] ACPI data
[    0.000000] BIOS-e820: [mem 0x00000000fec00000-0x00000000fec00fff] reserved
[    0.000000] BIOS-e820: [mem 0x00000000fee00000-0x00000000fee00fff] reserved
[    0.000000] BIOS-e820: [mem 0x00000000fffc0000-0x00000000ffffffff] reserved
[    0.000000] NX (Execute Disable) protection: active
[    0.000000] SMBIOS 2.5 present.
[    0.000000] Hypervisor detected: KVM
[    0.000000] e820: last_pfn = 0x7fff0 max_arch_pfn = 0x400000000
[    0.000000] MTRR: Disabled
[    0.000000] x86/PAT: MTRRs disabled, skipping PAT initialization too.
[    0.000000] CPU MTRRs all blank - virtualized system.
[    0.000000] x86/PAT: Configuration [0-7]: WB  WT  UC- UC  WB  WT  UC- UC  
[    0.000000] found SMP MP-table at [mem 0x0009fff0-0x0009ffff] mapped at [ffff88000009fff0]
[    0.000000] Scanning 1 areas for low memory corruption
[    0.000000] RAMDISK: [mem 0x36aee000-0x3756efff]
[    0.000000] ACPI: Early table checksum verification disabled
[    0.000000] ACPI: RSDP 0x00000000000E0000 000024 (v02 VBOX  )
[    0.000000] ACPI: XSDT 0x000000007FFF0030 00003C (v01 VBOX   VBOXXSDT 00000001 ASL  00000061)
[    0.000000] ACPI: FACP 0x000000007FFF00F0 0000F4 (v04 VBOX   VBOXFACP 00000001 ASL  00000061)
[    0.000000] ACPI: DSDT 0x000000007FFF0470 0021C8 (v02 VBOX   VBOXBIOS 00000002 INTL 20100528)
[    0.000000] ACPI: FACS 0x000000007FFF0200 000040
[    0.000000] ACPI: FACS 0x000000007FFF0200 000040
[    0.000000] ACPI: APIC 0x000000007FFF0240 00005C (v02 VBOX   VBOXAPIC 00000001 ASL  00000061)
[    0.000000] ACPI: SSDT 0x000000007FFF02A0 0001CC (v01 VBOX   VBOXCPUT 00000002 INTL 20100528)
[    0.000000] No NUMA configuration found
[    0.000000] Faking a node at [mem 0x0000000000000000-0x000000007ffeffff]
[    0.000000] NODE_DATA(0) allocated [mem 0x7ffeb000-0x7ffeffff]
[    0.000000] kvm-clock: Using msrs 4b564d01 and 4b564d00
[    0.000000] kvm-clock: cpu 0, msr 0:7ffe3001, primary cpu clock
[    0.000000] kvm-clock: using sched offset of 3370603198 cycles
[    0.000000] clocksource: kvm-clock: mask: 0xffffffffffffffff max_cycles: 0x1cd42e4dffb, max_idle_ns: 881590591483 ns
[    0.000000] Zone ranges:
[    0.000000]   DMA      [mem 0x0000000000001000-0x0000000000ffffff]
[    0.000000]   DMA32    [mem 0x0000000001000000-0x000000007ffeffff]
[    0.000000]   Normal   empty
[    0.000000]   Device   empty
[    0.000000] Movable zone start for each node
[    0.000000] Early memory node ranges
[    0.000000]   node   0: [mem 0x0000000000001000-0x000000000009efff]
[    0.000000]   node   0: [mem 0x0000000000100000-0x000000007ffeffff]
[    0.000000] Initmem setup node 0 [mem 0x0000000000001000-0x000000007ffeffff]
[    0.000000] ACPI: PM-Timer IO Port: 0x4008
[    0.000000] IOAPIC[0]: apic_id 2, version 32, address 0xfec00000, GSI 0-23
[    0.000000] ACPI: INT_SRC_OVR (bus 0 bus_irq 0 global_irq 2 dfl dfl)
[    0.000000] ACPI: INT_SRC_OVR (bus 0 bus_irq 9 global_irq 9 high level)
[    0.000000] Using ACPI (MADT) for SMP configuration information
[    0.000000] smpboot: Allowing 2 CPUs, 0 hotplug CPUs
[    0.000000] PM: Registered nosave memory: [mem 0x00000000-0x00000fff]
[    0.000000] PM: Registered nosave memory: [mem 0x0009f000-0x0009ffff]
[    0.000000] PM: Registered nosave memory: [mem 0x000a0000-0x000effff]
[    0.000000] PM: Registered nosave memory: [mem 0x000f0000-0x000fffff]
[    0.000000] e820: [mem 0x80000000-0xfebfffff] available for PCI devices
[    0.000000] Booting paravirtualized kernel on KVM
[    0.000000] clocksource: refined-jiffies: mask: 0xffffffff max_cycles: 0xffffffff, max_idle_ns: 7645519600211568 ns
[    0.000000] setup_percpu: NR_CPUS:512 nr_cpumask_bits:512 nr_cpu_ids:2 nr_node_ids:1
[    0.000000] PERCPU: Embedded 34 pages/cpu @ffff88007fc00000 s98328 r8192 d32744 u1048576
[    0.000000] PV qspinlock hash table entries: 256 (order: 0, 4096 bytes)
[    0.000000] Built 1 zonelists in Node order, mobility grouping on.  Total pages: 515961
[    0.000000] Policy zone: DMA32
[    0.000000] Kernel command line: BOOT_IMAGE=/boot/vmlinuz-4.4.0-97-generic root=LABEL=cloudimg-rootfs ro console=tty1 console=ttyS0
[    0.000000] PID hash table entries: 4096 (order: 3, 32768 bytes)
[    0.000000] Memory: 2034000K/2096696K available (8480K kernel code, 1294K rwdata, 3984K rodata, 1492K init, 1316K bss, 62696K reserved, 0K cma-reserved)
[    0.000000] SLUB: HWalign=64, Order=0-3, MinObjects=0, CPUs=2, Nodes=1
[    0.000000] Hierarchical RCU implementation.
[    0.000000] 	Build-time adjustment of leaf fanout to 64.
[    0.000000] 	RCU restricting CPUs from NR_CPUS=512 to nr_cpu_ids=2.
[    0.000000] RCU: Adjusting geometry for rcu_fanout_leaf=64, nr_cpu_ids=2
[    0.000000] NR_IRQS:33024 nr_irqs:440 16
[    0.000000] Console: colour VGA+ 80x25
[    0.000000] console [tty1] enabled
[    0.000000] console [ttyS0] enabled
[    0.000000] tsc: Detected 1696.146 MHz processor
[    1.198983] Calibrating delay loop (skipped) preset value.. 3392.29 BogoMIPS (lpj=6784584)
[    1.201130] pid_max: default: 32768 minimum: 301
[    1.202345] ACPI: Core revision 20150930
[    1.204576] ACPI: 2 ACPI AML tables successfully acquired and loaded
[    1.206257] Security Framework initialized
[    1.207322] Yama: becoming mindful.
[    1.208288] AppArmor: AppArmor initialized
[    1.214138] Dentry cache hash table entries: 262144 (order: 9, 2097152 bytes)
[    1.225101] Inode-cache hash table entries: 131072 (order: 8, 1048576 bytes)
[    1.338912] Mount-cache hash table entries: 4096 (order: 3, 32768 bytes)
[    1.340483] Mountpoint-cache hash table entries: 4096 (order: 3, 32768 bytes)
[    1.353016] Initializing cgroup subsys io
[    1.422705] Initializing cgroup subsys memory
[    1.529087] Initializing cgroup subsys devices
[    1.583176] Initializing cgroup subsys freezer
[    1.666001] Initializing cgroup subsys net_cls
[    1.757981] Initializing cgroup subsys perf_event
[    1.832534] Initializing cgroup subsys net_prio
[    1.856037] Initializing cgroup subsys hugetlb
[    1.857181] Initializing cgroup subsys pids
[    1.858429] CPU: Physical Processor ID: 0
[    1.859481] CPU: Processor Core ID: 0
[    1.860868] mce: CPU supports 0 MCE banks
[    1.861988] Last level iTLB entries: 4KB 512, 2MB 8, 4MB 8
[    1.891609] Last level dTLB entries: 4KB 512, 2MB 32, 4MB 32, 1GB 0
[    2.029292] Freeing SMP alternatives memory: 32K
[    2.113057] ftrace: allocating 32148 entries in 126 pages
[    2.238811] smpboot: APIC(0) Converting physical 0 to logical package 0
[    2.359025] smpboot: Max logical packages: 1
[    2.445861] x2apic enabled
[    2.508719] Switched APIC routing to physical x2apic.
[    2.584049] ..TIMER: vector=0x30 apic1=0 pin1=2 apic2=-1 pin2=-1
[    2.850402] smpboot: CPU0: Intel(R) Core(TM) i5-3317U CPU @ 1.70GHz (family: 0x6, model: 0x3a, stepping: 0x9)
[    2.952040] Performance Events: unsupported p6 CPU model 58 no PMU driver, software events only.
[    2.954401] KVM setup paravirtual spinlock
[    2.956288] x86: Booting SMP configuration:
[    2.962313] .... node  #0, CPUs:      #1
[    2.963508] kvm-clock: cpu 1, msr 0:7ffe3041, secondary cpu clock
[    2.965335] mce: CPU supports 0 MCE banks
[    2.968233] x86: Booted up 1 node, 2 CPUs
[    2.981605] smpboot: Total of 2 processors activated (6784.58 BogoMIPS)
[    3.040612] devtmpfs: initialized
[    3.076259] evm: security.selinux
[    3.103927] evm: security.SMACK64
[    3.132982] evm: security.SMACK64EXEC
[    3.167947] evm: security.SMACK64TRANSMUTE
[    3.199993] evm: security.SMACK64MMAP
[    3.232512] evm: security.ima
[    3.242863] evm: security.capability
[    3.244330] clocksource: jiffies: mask: 0xffffffff max_cycles: 0xffffffff, max_idle_ns: 7645041785100000 ns
[    3.247282] futex hash table entries: 512 (order: 3, 32768 bytes)
[    3.249239] pinctrl core: initialized pinctrl subsystem
[    3.251086] RTC time: 21:17:16, date: 10/30/17
[    3.253126] NET: Registered protocol family 16
[    3.282439] cpuidle: using governor ladder
[    3.303004] cpuidle: using governor menu
[    3.309775] PCCT header not found.
[    3.310833] ACPI: bus type PCI registered
[    3.311888] acpiphp: ACPI Hot Plug PCI Controller Driver version: 0.5
[    3.313507] PCI: Using configuration type 1 for base access
[    3.327414] ACPI: Added _OSI(Module Device)
[    3.328537] ACPI: Added _OSI(Processor Device)
[    3.329669] ACPI: Added _OSI(3.0 _SCP Extensions)
[    3.330858] ACPI: Added _OSI(Processor Aggregator Device)
[    3.333041] ACPI: Executed 1 blocks of module-level executable AML code
[    3.339497] ACPI: Interpreter enabled
[    3.433636] ACPI: (supports S0 S5)
[    3.511133] ACPI: Using IOAPIC for interrupt routing
[    3.533342] PCI: Using host bridge windows from ACPI; if necessary, use "pci=nocrs" and report a bug
[    3.554240] ACPI: PCI Root Bridge [PCI0] (domain 0000 [bus 00-ff])
[    3.559448] acpi PNP0A03:00: _OSC: OS supports [ASPM ClockPM Segments MSI]
[    3.561001] acpi PNP0A03:00: _OSC failed (AE_NOT_FOUND); disabling ASPM
[    3.562529] acpi PNP0A03:00: fail to add MMCONFIG information, can't access extended PCI configuration space under this bridge.
[    3.565568] PCI host bridge to bus 0000:00
[    3.566686] pci_bus 0000:00: root bus resource [io  0x0000-0x0cf7 window]
[    3.568239] pci_bus 0000:00: root bus resource [io  0x0d00-0xffff window]
[    3.569785] pci_bus 0000:00: root bus resource [mem 0x000a0000-0x000bffff window]
[    3.571707] pci_bus 0000:00: root bus resource [mem 0x80000000-0xffdfffff window]
[    3.573618] pci_bus 0000:00: root bus resource [bus 00-ff]
[    3.577204] pci 0000:00:01.1: legacy IDE quirk: reg 0x10: [io  0x01f0-0x01f7]
[    3.578787] pci 0000:00:01.1: legacy IDE quirk: reg 0x14: [io  0x03f6]
[    3.580333] pci 0000:00:01.1: legacy IDE quirk: reg 0x18: [io  0x0170-0x0177]
[    3.581943] pci 0000:00:01.1: legacy IDE quirk: reg 0x1c: [io  0x0376]
[    3.792093] pci 0000:00:07.0: quirk: [io  0x4000-0x403f] claimed by PIIX4 ACPI
[    3.976776] pci 0000:00:07.0: quirk: [io  0x4100-0x410f] claimed by PIIX4 SMB
[    4.154028] ACPI: PCI Interrupt Link [LNKA] (IRQs 5 9 10 *11)
[    4.295985] ACPI: PCI Interrupt Link [LNKB] (IRQs 5 9 10 *11)
[    4.318804] ACPI: PCI Interrupt Link [LNKC] (IRQs 5 9 *10 11)
[    4.332954] ACPI: PCI Interrupt Link [LNKD] (IRQs 5 *9 10 11)
[    4.351909] ACPI: Enabled 2 GPEs in block 00 to 07
[    4.353895] vgaarb: setting as boot device: PCI:0000:00:02.0
[    4.357385] vgaarb: device added: PCI:0000:00:02.0,decodes=io+mem,owns=io+mem,locks=none
[    4.364295] vgaarb: loaded
[    4.368192] vgaarb: bridge control possible 0000:00:02.0
[    4.370133] SCSI subsystem initialized
[    4.371597] ACPI: bus type USB registered
[    4.389382] usbcore: registered new interface driver usbfs
[    4.390759] usbcore: registered new interface driver hub
[    4.392054] usbcore: registered new device driver usb
[    4.393557] PCI: Using ACPI for IRQ routing
[    4.395037] NetLabel: Initializing
[    4.395985] NetLabel:  domain hash size = 128
[    4.397115] NetLabel:  protocols = UNLABELED CIPSOv4
[    4.398346] NetLabel:  unlabeled traffic allowed by default
[    4.399792] amd_nb: Cannot enumerate AMD northbridges
[    4.401074] clocksource: Switched to clocksource kvm-clock
[    4.417393] AppArmor: AppArmor Filesystem Enabled
[    4.424951] pnp: PnP ACPI init
[    4.426857] pnp: PnP ACPI: found 3 devices
[    4.437823] clocksource: acpi_pm: mask: 0xffffff max_cycles: 0xffffff, max_idle_ns: 2085701024 ns
[    4.455444] NET: Registered protocol family 2
[    4.456893] TCP established hash table entries: 16384 (order: 5, 131072 bytes)
[    4.458851] TCP bind hash table entries: 16384 (order: 6, 262144 bytes)
[    4.460368] TCP: Hash tables configured (established 16384 bind 16384)
[    4.461893] UDP hash table entries: 1024 (order: 3, 32768 bytes)
[    4.463295] UDP-Lite hash table entries: 1024 (order: 3, 32768 bytes)
[    4.464798] NET: Registered protocol family 1
[    4.465944] pci 0000:00:00.0: Limiting direct PCI/PCI transfers
[    4.467353] pci 0000:00:01.0: Activating ISA DMA hang workarounds
[    4.468912] Unpacking initramfs...
[    6.775883] Freeing initrd memory: 10756K
[    6.783190] RAPL PMU detected, API unit is 2^-32 Joules, 3 fixed counters 10737418240 ms ovfl timer
[    6.785374] hw unit of domain pp0-core 2^-0 Joules
[    6.786599] hw unit of domain package 2^-0 Joules
[    6.787753] hw unit of domain pp1-gpu 2^-0 Joules
[    6.789156] platform rtc_cmos: registered platform RTC device (no PNP device found)
[    6.791160] Scanning for low memory corruption every 60 seconds
[    6.793043] audit: initializing netlink subsys (disabled)
[    6.794439] audit: type=2000 audit(1509398240.908:1): initialized
[    6.796206] Initialise system trusted keyring
[    6.849879] HugeTLB registered 2 MB page size, pre-allocated 0 pages
[    6.916341] zbud: loaded
[    6.947375] VFS: Disk quotas dquot_6.6.0
[    7.008228] VFS: Dquot-cache hash table entries: 512 (order 0, 4096 bytes)
[    7.025515] squashfs: version 4.0 (2009/01/31) Phillip Lougher
[    7.027310] fuse init (API version 7.23)
[    7.028566] Key type big_key registered
[    7.029645] Allocating IMA MOK and blacklist keyrings.
[    7.032533] Key type asymmetric registered
[    7.033651] Asymmetric key parser 'x509' registered
[    7.034894] Block layer SCSI generic (bsg) driver version 0.4 loaded (major 249)
[    7.036884] io scheduler noop registered
[    7.037961] io scheduler deadline registered (default)
[    7.039326] io scheduler cfq registered
[    7.040433] pci_hotplug: PCI Hot Plug PCI Core version: 0.5
[    7.041830] pciehp: PCI Express Hot Plug Controller Driver version: 0.4
[    7.043487] ACPI: AC Adapter [AC] (on-line)
[    7.044637] input: Power Button as /devices/LNXSYSTM:00/LNXPWRBN:00/input/input0
[    7.046614] ACPI: Power Button [PWRF]
[    7.047781] input: Sleep Button as /devices/LNXSYSTM:00/LNXSLPBN:00/input/input1
[    7.049693] ACPI: Sleep Button [SLPF]
[    7.050955] GHES: HEST is not enabled!
[    7.051785] ACPI: Battery Slot [BAT0] (battery present)
[    7.247812] Serial: 8250/16550 driver, 32 ports, IRQ sharing enabled
[    7.352202] 00:02: ttyS0 at I/O 0x3f8 (irq = 4, base_baud = 115200) is a 16550A
[    7.355426] Linux agpgart interface v0.103
[    7.448762] loop: module loaded
[    7.480742] scsi host0: ata_piix
[    7.510800] scsi host1: ata_piix
[    7.520327] ata1: PATA max UDMA/33 cmd 0x1f0 ctl 0x3f6 bmdma 0xd000 irq 14
[    7.523500] ata2: PATA max UDMA/33 cmd 0x170 ctl 0x376 bmdma 0xd008 irq 15
[    7.526966] libphy: Fixed MDIO Bus: probed
[    7.529025] tun: Universal TUN/TAP device driver, 1.6
[    7.531283] tun: (C) 1999-2004 Max Krasnyansky <maxk@qualcomm.com>
[    7.541715] PPP generic driver version 2.4.2
[    7.553712] ehci_hcd: USB 2.0 'Enhanced' Host Controller (EHCI) Driver
[    7.555768] ehci-pci: EHCI PCI platform driver
[    7.557222] ehci-platform: EHCI generic platform driver
[    7.559022] ohci_hcd: USB 1.1 'Open' Host Controller (OHCI) Driver
[    7.560898] ohci-pci: OHCI PCI platform driver
[    7.562422] ohci-platform: OHCI generic platform driver
[    7.572491] uhci_hcd: USB Universal Host Controller Interface driver
[    7.574896] i8042: PNP: PS/2 Controller [PNP0303:PS2K,PNP0f03:PS2M] at 0x60,0x64 irq 1,12
[    7.579642] serio: i8042 KBD port at 0x60,0x64 irq 1
[    7.581274] serio: i8042 AUX port at 0x60,0x64 irq 12
[    7.583400] mousedev: PS/2 mouse device common for all mice
[    7.586513] input: AT Translated Set 2 keyboard as /devices/platform/i8042/serio0/input/input2
[    7.591481] rtc_cmos rtc_cmos: rtc core: registered rtc_cmos as rtc0
[    7.593518] rtc_cmos rtc_cmos: alarms up to one day, 114 bytes nvram
[    7.598269] i2c /dev entries driver
[    7.599303] device-mapper: uevent: version 1.0.3
[    7.600622] device-mapper: ioctl: 4.34.0-ioctl (2015-10-28) initialised: dm-devel@redhat.com
[    7.602763] ledtrig-cpu: registered to indicate activity on CPUs
[    7.604719] NET: Registered protocol family 10
[    7.606098] NET: Registered protocol family 17
[    7.607228] Key type dns_resolver registered
[    7.608511] microcode: CPU0 sig=0x306a9, pf=0x2, revision=0x19
[    7.609942] microcode: CPU1 sig=0x306a9, pf=0x2, revision=0x19
[    7.611792] microcode: Microcode Update Driver: v2.01 <tigran@aivazian.fsnet.co.uk>, Peter Oruba
[    7.614270] registered taskstats version 1
[    7.615338] Loading compiled-in X.509 certificates
[    7.617413] Loaded X.509 cert 'Build time autogenerated kernel key: d1010f9627fd9242df4b03365d2931dfd1ad3d42'
[    7.620059] zswap: loaded using pool lzo/zbud
[    7.623107] Key type trusted registered
[    7.640817] Key type encrypted registered
[    7.647550] AppArmor: AppArmor sha1 policy hashing enabled
[    7.648896] ima: No TPM chip found, activating TPM-bypass!
[    7.650278] evm: HMAC attrs: 0x1
[    7.651535]   Magic number: 5:229:299
[    7.652618] rtc_cmos rtc_cmos: setting system clock to 2017-10-30 21:17:21 UTC (1509398241)
[    7.654894] BIOS EDD facility v0.16 2004-Jun-25, 0 devices found
[    7.656303] EDD information not available.
[    7.683127] Freeing unused kernel memory: 1492K
[    7.734113] Write protecting the kernel read-only data: 14336k
[    7.736176] Freeing unused kernel memory: 1748K
[    7.740662] Freeing unused kernel memory: 112K
Loading, please wait...
starting version[    7.754954] random: systemd-udevd: uninitialized urandom read (16 bytes read, 2 bits of entropy available)
 229
[    7.755389] random: udevadm: uninitialized urandom read (16 bytes read, 2 bits of entropy available)
[    7.755409] random: udevadm: uninitialized urandom read (16 bytes read, 2 bits of entropy available)
[    7.764068] random: udevadm: uninitialized urandom read (16 bytes read, 2 bits of entropy available)
[    7.764111] random: udevadm: uninitialized urandom read (16 bytes read, 2 bits of entropy available)
[    7.764245] random: udevadm: uninitialized urandom read (16 bytes read, 2 bits of entropy available)
[    7.764298] random: udevadm: uninitialized urandom read (16 bytes read, 2 bits of entropy available)
[    7.764351] random: udevadm: uninitialized urandom read (16 bytes read, 2 bits of entropy available)
[    7.764402] random: udevadm: uninitialized urandom read (16 bytes read, 2 bits of entropy available)
[    7.764452] random: udevadm: uninitialized urandom read (16 bytes read, 2 bits of entropy available)
[    7.805670] tsc: Refined TSC clocksource calibration: 1695.069 MHz
[    7.807747] clocksource: tsc: mask: 0xffffffffffffffff max_cycles: 0x186ef519a35, max_idle_ns: 440795256223 ns
[    7.842676] e1000: Intel(R) PRO/1000 Network Driver - version 7.3.21-k8-NAPI
[    7.844842] e1000: Copyright (c) 1999-2006 Intel Corporation.
[    7.848074] Fusion MPT base driver 3.04.20
[    7.875827] Copyright (c) 1999-2008 LSI Corporation
[    7.888878] Fusion MPT SPI Host driver 3.04.20
[    7.914445] AVX version of gcm_enc/dec engaged.
[    7.916986] AES CTR mode by8 optimization enabled
[    8.086834] input: ImExPS/2 Generic Explorer Mouse as /devices/platform/i8042/serio1/input/input4
[    8.463132] e1000 0000:00:03.0 eth0: (PCI:33MHz:32-bit) 02:9b:63:d0:80:dd
[    8.530682] e1000 0000:00:03.0 eth0: Intel(R) PRO/1000 Network Connection
[    8.534332] mptbase: ioc0: Initiating bringup
[    8.535091] e1000 0000:00:03.0 enp0s3: renamed from eth0
[    8.610326] ioc0: LSI53C1030 A0: Capabilities={Initiator}
[    8.782756] scsi host2: ioc0: LSI53C1030 A0, FwRev=00000000h, Ports=1, MaxQ=256, IRQ=20
[    9.107868] scsi 2:0:0:0: Direct-Access     VBOX     HARDDISK         1.0  PQ: 0 ANSI: 5
[    9.178858] scsi target2:0:0: Beginning Domain Validation
[    9.181015] scsi target2:0:0: Domain Validation skipping write tests
[    9.182534] scsi target2:0:0: Ending Domain Validation
[    9.183820] scsi target2:0:0: asynchronous
[    9.185253] scsi 2:0:1:0: Direct-Access     VBOX     HARDDISK         1.0  PQ: 0 ANSI: 5
[    9.200734] scsi target2:0:1: Beginning Domain Validation
[    9.202860] scsi target2:0:1: Domain Validation skipping write tests
[    9.204336] scsi target2:0:1: Ending Domain Validation
[    9.205645] scsi target2:0:1: asynchronous
[    9.214136] sd 2:0:0:0: Attached scsi generic sg0 type 0
[    9.328835] sd 2:0:0:0: [sda] 20971520 512-byte logical blocks: (10.7 GB/10.0 GiB)
[    9.387398] sd 2:0:1:0: [sdb] 20480 512-byte logical blocks: (10.5 MB/10.0 MiB)
[    9.389712] sd 2:0:0:0: [sda] Write Protect is off
[    9.389867] sd 2:0:1:0: [sdb] Write Protect is off
[    9.389997] sd 2:0:1:0: [sdb] Incomplete mode parameter data
[    9.389998] sd 2:0:1:0: [sdb] Assuming drive cache: write through
[    9.394256] sd 2:0:1:0: Attached scsi generic sg1 type 0
[    9.396219] sd 2:0:1:0: [sdb] Attached SCSI disk
[    9.412345] sd 2:0:0:0: [sda] Incomplete mode parameter data
[    9.414938] sd 2:0:0:0: [sda] Assuming drive cache: write through
[    9.418397]  sda: sda1
[    9.430565] sd 2:0:0:0: [sda] Attached SCSI disk
[   10.885512] floppy0: no floppy controllers found
Begin: Loading essential drivers ... [   12.361315] md: linear personality registered for level -1
[   12.370369] md: multipath personality registered for level -4
[   12.389832] md: raid0 personality registered for level 0
[   12.402046] md: raid1 personality registered for level 1
[   12.485722] raid6: sse2x1   gen()  6667 MB/s
[   12.597563] raid6: sse2x1   xor()  5294 MB/s
[   12.761090] raid6: sse2x2   gen()  8450 MB/s
[   12.885108] raid6: sse2x2   xor()  5667 MB/s
[   13.057250] raid6: sse2x4   gen()  8112 MB/s
[   13.133186] raid6: sse2x4   xor()  6883 MB/s
[   13.222951] raid6: using algorithm sse2x2 gen() 8450 MB/s
[   13.308790] raid6: .... xor() 5667 MB/s, rmw enabled
[   13.316620] raid6: using ssse3x2 recovery algorithm
[   13.319673] xor: automatically using best checksumming function:
[   13.393324]    avx       : 15115.000 MB/sec
[   13.405875] async_tx: api initialized (async)
[   13.432594] md: raid6 personality registered for level 6
[   13.448244] md: raid5 personality registered for level 5
[   13.449575] md: raid4 personality registered for level 4
[   13.457245] md: raid10 personality registered for level 10
done.
Begin: Running /scripts/init-premount ... done.[   13.600023] Btrfs loaded

Begin: Mounting root file system ... Begin: Running /scripts/local-top ... done.
Begin: Running /scripts/local-premount ... Scanning for Btrfs filesystems
done.
Warning: fsck not present, so sk[   13.643903] EXT4-fs (sda1): mounted filesystem with ordered data mode. Opts: (null)
ipping root file system
done.
Begin: Running /scripts/local-bottom ... done.
Begin: Running /scripts/init-bottom ... done.
[   13.761594] systemd[1]: systemd 229 running in system mode. (+PAM +AUDIT +SELINUX +IMA +APPARMOR +SMACK +SYSVINIT +UTMP +LIBCRYPTSETUP +GCRYPT +GNUTLS +ACL +XZ -LZ4 +SECCOMP +BLKID +ELFUTILS +KMOD -IDN)
[   14.047965] systemd[1]: Detected virtualization oracle.
[   14.049324] systemd[1]: Detected architecture x86-64.

Welcome to [1mUbuntu 16.04.3 LTS[0m!

[   14.071294] systemd[1]: Set hostname to <ubuntu>.
[   14.075245] systemd[1]: Initializing machine ID from random generator.
[   14.081664] systemd[1]: Installed transient /etc/machine-id file.
[   14.243352] systemd[1]: Listening on /dev/initctl Compatibility Named Pipe.
[[0;32m  OK  [0m] Listening on /dev/initctl Compatibility Named Pipe.
[   14.315640] systemd[1]: Reached target Swap.
[[0;32m  OK  [0m] Reached target Swap.
[   14.318490] systemd[1]: Listening on Journal Audit Socket.
[[0;32m  OK  [0m] Listening on Journal Audit Socket.
[   14.321963] systemd[1]: Created slice User and Session Slice.
[[0;32m  OK  [0m] Created slice User and Session Slice.
[   14.325207] systemd[1]: Listening on Device-mapper event daemon FIFOs.
[[0;32m  OK  [0m] Listening on Device-mapper event daemon FIFOs.
[   14.328629] systemd[1]: Listening on Syslog Socket.
[[0;32m  OK  [0m] Listening on Syslog Socket.
[   14.466387] systemd[1]: Listening on udev Kernel Socket.
[[0;32m  OK  [0m] Listening on udev Kernel Socket.
[   14.561342] systemd[1]: Started Forward Password Requests to Wall Directory Watch.
[[0;32m  OK  [0m] Started Forward Password Requests to Wall Directory Watch.
[   14.583416] systemd[1]: Started Trigger resolvconf update for networkd DNS.
[[0;32m  OK  [0m] Started Trigger resolvconf update for networkd DNS.
[   14.589334] systemd[1]: Listening on udev Control Socket.
[[0;32m  OK  [0m] Listening on udev Control Socket.
[   14.592462] systemd[1]: Listening on Journal Socket.
[[0;32m  OK  [0m] Listening on Journal Socket.
[   14.651657] systemd[1]: Listening on Journal Socket (/dev/log).
[[0;32m  OK  [0m] Listening on Journal Socket (/dev/log).
[   14.836596] systemd[1]: Created slice System Slice.
[[0;32m  OK  [0m] Created slice System Slice.
[   14.853661] systemd[1]: Starting Nameserver information manager...
         Starting Nameserver information manager...
[   14.926324] systemd[1]: Starting Journal Service...
         Starting Journal Service...
[   14.946143] systemd[1]: Starting Uncomplicated firewall...
         Starting Uncomplicated firewall...
[   14.966729] systemd[1]: Starting Create list of required static device nodes for the current kernel...
         Starting Create list of required st... nodes for the current kernel...
[   14.977120] systemd[1]: Starting Load Kernel Modules...
         Starting Load Kernel Modules...
[   15.004606] systemd[1]: Mounting POSIX Message Queue File System...
         Mounting POSIX M[   15.061779] Loading iSCSI transport class v2.0-870.
essage Queue File System...
[   15.067098] systemd[1]: Reached target Slices.
[[0;32m  OK  [0m] Reached target Slices.
[   15.072537] systemd[1]: Mounting Huge Pages File System...
         Mounting Huge Pages File System...
[   15.077723] systemd[1]: Reached target User and Group Name Lookups.
[[0;32m  OK  [0m] Reached target User and Group Name Lookups.
[   15.082260] iscsi: registered transport (tcp)
[   15.083012] systemd[1]: Starting Remount Root and Kernel File Systems...
         [   15.094612] EXT4-fs (sda1): re-mounted. Opts: (null)
Starting Remount Root and Kernel File Systems...
[   15.100121] systemd[1]: Listening on LVM2 metadata daemon socket.
[[0;32m  OK  [0m] Listening on LVM2 metadata daemon socket.
[   15.126041] iscsi: registered transport (iser)
[   15.145816] systemd[1]: Starting Monitoring of LVM2 mirrors, snapshots etc. using dmeventd or progress polling...
         Starting Monitoring of LVM2 mirrors... dmeventd or progress polling...
[   15.181201] systemd[1]: Created slice system-serial\x2dgetty.slice.
[[0;32m  OK  [0m] Created slice system-serial\x2dgetty.slice.
[   15.193842] systemd[1]: Listening on LVM2 poll daemon socket.
[[0;32m  OK  [0m] Listening on LVM2 poll daemon socket.
[   15.197885] systemd[1]: Reached target Encrypted Volumes.
[[0;32m  OK  [0m] Reached target Encrypted Volumes.
[   15.201884] systemd[1]: Set up automount Arbitrary Executable File Formats File System Automount Point.
[[0;32m  OK  [0m] Set up automount Arbitrary Executab...ats File System Automount Point.
[   15.234061] systemd[1]: Mounting Debug File System...
         Mounting Debug File System...
[   15.253769] systemd[1]: Starting Set console keymap...
         Starting Set console keymap...
[   15.266341] systemd[1]: Mounted Debug File System.
[[0;32m  OK  [0m] Mounted Debug File System.
[   15.373012] systemd[1]: Mounted POSIX Message Queue File System.
[[0;32m  OK  [0m] Mounted POSIX Message Queue File System.
[   15.377656] systemd[1]: Mounted Huge Pages File System.
[[0;32m  OK  [0m] Mounted Huge Pages File System.
[   15.381993] systemd[1]: Started Journal Service.
[[0;32m  OK  [0m] Started Journal Service.
[[0;32m  OK  [0m] Started Uncomplicated firewall.
[[0;32m  OK  [0m] Started Create list of required sta...ce nodes for the current kernel.
[[0;32m  OK  [0m] Started Load Kernel Modules.
[[0;32m  OK  [0m] Started Remount Root and Kernel File Systems.
[[0;32m  OK  [0m] Started Set console keymap.
[[0;32m  OK  [0[   15.728894] random: nonblocking pool is initialized
m] Started Nameserver information manager.
[[0;32m  OK  [0m] Started LVM2 metadata daemon.
         Starting Initial cloud-init job (pre-networking)...
         Starting udev Coldplug all Devices...
         Starting Load/Save Random Seed...
         Starting Apply Kernel Variables...
         Mounting FUSE Control File System...
         Starting Create Static Device Nodes in /dev...
         Starting Flush Journal to Persistent Storage...
[[0;32m  OK  [0m] Mounted FUSE Control File System.
[[0;32m  OK  [0m] Started Load/Save Random Seed.
[[0;32m  OK  [0m] Started Apply Kernel Variables.
[[0;32m  OK  [0m] Started Monitoring of LVM2 mirrors,...ng dmeventd or progress polling.
[[0;32m  OK  [0m] Started Create Static Device Nodes in /dev.
[[0;32m  OK  [0m] Started udev Coldplug all Devices.
[[0;32m  OK  [0m] Started Flush Journal to Persistent Storage.
         Starting udev Kernel Device Manager...
[[0;32m  OK  [0m] Started udev Kernel Device Manager.
[[0;32m  OK  [0m] Reached target Local File Systems (Pre).
[[0;32m  OK  [0m] Reached target Local File Systems.
         Starting Set console font and keymap...
         Starting LSB: AppArmor initialization...
         Starting Create Volatile Files and Directories...
         Starting Tell Plymouth To Write Out Runtime Data...
         Starting Commit a transient machine-id on disk...
[[0;32m  OK  [0m] Started Dispatch Password Requests to Console Directory Watch.
[[0;32m  OK  [0m] Started Create Volatile Files and Directories.
[[0;32m  OK  [0m] Started Tell Plymouth To Write Out Runtime Data.
[[0;32m  OK  [0m] Started Commit a transient machine-id on disk.
[[0;32m  OK  [0m] Reached target System Time Synchronized.
         Starting Update UTMP about System Boot/Shutdown...
[[0;32m  OK  [0m] Started Update UTMP about System Boot/Shutdown.
[[0;32m  OK  [0m] Found device /dev/ttyS0.
[[0;32m  OK  [0m] Started Set console font and keymap.
[[0;32m  OK  [0m] Created slice system-getty.slice.
[[0;32m  OK  [0m] Listening on Load/Save RF Kill Switch Status /dev/rfkill Watch.
[[0;32m  OK  [0m] Started Initial cloud-init job (pre-networking).
[[0;32m  OK  [0m] Reached target Network (Pre).
[   14.812722] cloud-init[449]: Cloud-init v. 0.7.9 running 'init-local' at Mon, 30 Oct 2017 21:17:31 +0000. Up 13.86 seconds.
[[0;32m  OK  [0m] Started LSB: AppArmor initialization.
         Starting Raise network interfaces...
[[0;32m  OK  [0m] Started Raise network interfaces.
[[0;32m  OK  [0m] Reached target Network.
         Starting Initial cloud-init job (metadata service crawler)...
[   17.744479] cloud-init[937]: Cloud-init v. 0.7.9 running 'init' at Mon, 30 Oct 2017 21:17:34 +0000. Up 16.99 seconds.
[   17.808619] [[0;32m  OK  [0m] Started Initial cloud-init job (metadata service crawler).
cloud-init[[0;32m  OK  [0m] Reached target Network is Online.
[937]: ci-info: +++++++++++++++++++++++++++++++++++++Net device info++++++++++++++++++++++++++++++++++++++
[   17.824148]          cloud-initStarting iSCSI initiator daemon (iscsid)...[937]: 
ci-info: +--------+------+----------------------------+---------------+-------+-------------------+
[   17.828310] cloud-init[937]: ci-info: | Device |  Up  |          Address           |      Mask     | Scope |     Hw-Address    |
[[0;32m  OK  [0m] Reached target Cloud-config availability.
[[0;32m  OK  [0m] Reached target System Initialization.
         Starting Socket activation for snappy daemon.
[   17.847326] cloud-init[937]: ci-info: +--------+------+----------------------------+---------------+-------+-------------------+
[   17.857878]          cloud-initStarting LXD - unix socket.[937]: 
ci-info: |   lo   | True |         127.0.0.1          |   255.0.0.0   |   .   |         .         |
[   17.863491] cloud-init[937]: ci-info: |   lo   | True |          ::1/128           |       .       |  host |         .         |
[[0;32m  OK  [0m] Listening on UUID daemon activation socket.
[   17.864438] [cloud-init[0;32m  OK  [0m[937]: ] ci-info: | enp0s3 | True |         10.0.2.15          | 255.255.255.0 |   .   | 02:9b:63:d0:80:dd |Started Timer to automatically fetch and run repair assertions.

[   18.117589] [cloud-init[0;32m  OK  [0m[937]: ] ci-info: | enp0s3 | True | fe80::9b:63ff:fed0:80dd/64 |       .       |  link | 02:9b:63:d0:80:dd |Started Daily apt download activities.

[   18.119813] [cloud-init[0;32m  OK  [0m[937]: ] ci-info: +--------+------+----------------------------+---------------+-------+-------------------+Started Daily Cleanup of Temporary Directories.

[   18.291205] cloud-init[937]: ci-info: +++++++++++++++++++++++++++Route IPv4 info++++++++++++++++++++++++++++
[   18.553919] cloud-init[937]: ci-info: +-------+-------------+----------+---------------+-----------+-------+
[[0;32m  OK  [0m] Started ACPI Events Check.
[   18.557768] [cloud-init[0;32m  OK  [0m[937]: ] ci-info: | Route | Destination | Gateway  |    Genmask    | Interface | Flags |Reached target Paths.

[   18.731864] cloud-init[937]: ci-info: +-------+-------------+----------+---------------+-----------+-------+
[[0;32m  OK  [0m] Started Daily apt upgrade and clean activities.
[   18.862130] [cloud-init[0;32m  OK  [0m[937]: ] ci-info: |   0   |   0.0.0.0   | 10.0.2.2 |    0.0.0.0    |   enp0s3  |   UG  |Listening on ACPID Listen Socket.

[   18.885706] [cloud-init[0;32m  OK  [0m[937]: ] ci-info: |   1   |   10.0.2.0  | 0.0.0.0  | 255.255.255.0 |   enp0s3  |   U   |Listening on D-Bus System Message Bus Socket.

[   18.886472] [cloud-init[0;32m  OK  [0m[937]: ] ci-info: +-------+-------------+----------+---------------+-----------+-------+Started Timer to automatically refresh installed snaps.

[[0;32m  OK  [0m] Reached target Timers.
[   18.976680] cloud-init[937]: Generating public/private rsa key pair.
[   19.053458] [cloud-init[0;32m  OK  [0m[937]: ] Your identification has been saved in /etc/ssh/ssh_host_rsa_key.Listening on Socket activation for snappy daemon.

[[0;32m  OK  [0m] Listening on LXD - unix socket.
[[0;32m  OK  [0m] Started iSCSI initiator daemon (iscsid).
[   19.055538] cloud-init[937]: Your public key has been saved in /etc/ssh/ssh_host_rsa_key.pub.
[   19.397556]          cloud-initStarting Login to default iSCSI targets...[937]: 
The key fingerprint is:
[   19.489254] [cloud-init[0;32m  OK  [0m[937]: ] SHA256:Ccr//+wJoxwxZhWg3Iv4Iq/nFCiiXFoMuPD5cqyn5ng root@ubuntu-xenialReached target Sockets.

[   19.491478] cloud-init[937]: [The key's randomart image is:[0;32m  OK  [0m
] Reached target Basic System.
[   19.589288] cloud-init[937]: +---[RSA 2048]----+
[   19.729277] cloud-init[937]: |        ...      |
         Starting LSB: MD monitoring daemon...
[   19.731507] cloud-init[937]: |.    . o   .     |
[   19.828745] cloud-init[937]: |o.    + . .      |
[   19.866559] cloud-init[937]: |.oo+ o o +       |
         Starting Pollinate to seed the pseudo random number generator...
[   19.868532] cloud-init[937]: |+ ++= . S        |
[   19.937258] [cloud-init[0;32m  OK  [0m[937]: ] |+.+o + o o       |Started Regular background program processing daemon.

[   19.938098] [cloud-init[0;32m  OK  [0m[937]: ] |.oo * o . o      |Started Unattended Upgrades Shutdown.

[   19.965360] cloud-init[937]: | .EBo. o o + .   |
[   20.000442]          cloud-initStarting LXD - container startup/shutdown...[937]: 
|.+=*o   +..o=    |
         Starting Apply the settings specified in cloud-config...
[   20.006778] cloud-init[937]: +----[SHA256]-----+
[   20.042392] [[0;32m  OK  [0m] Started FUSE filesystem for LXC.
[[0;32m  OK  [0m] Started D-Bus System Message Bus.
cloud-init[937]: Generating public/private dsa key pair.
[   20.065070] cloud-init[937]: Your identification has been saved in /etc/ssh/ssh_host_dsa_key.
[   20.091492]          Starting System Logging Service...
cloud-init[937]: Your public key has been saved in /etc/ssh/ssh_host_dsa_key.pub.
[   20.097825]          cloud-initStarting /etc/rc.local Compatibility...[937]: 
The key fingerprint is:
[   20.104295]          cloud-initStarting Login Service...[937]: 
SHA256:xiVM6cQ5fakWTUeqRlhy0CQ8TA8nGtC5xqHvZtXtau8 root@ubuntu-xenial
[   20.152513]          cloud-initStarting Snappy daemon...[937]: 
The key's randomart image is:
[   20.159926] cloud-init[937]: +---[DSA 1024]----+
[   20.162616] cloud-init[937]: |    .o.*OB=o.oo  |
[   20.165373] cloud-init[937]: |      +=X@+ +o   |
[   20.168283] cloud-init[937]: |     o.=+o++.    |
[   20.173593] cloud-init         [937]: Starting Accounts Service...|    . +..+o.     |

[   20.212530]          cloud-initStarting LSB: Record successful boot for GRUB...[937]: 
|     o  Soo.     |
[   20.217210] cloud-init[937]: |      ..... .    |
[   20.221195] cloud-init[937]: |     . .   .     |
[   20.250571] [[0;32m  OK  [0m] Started Deferred execution scheduler.
cloud-init[937]: |      +   . .    |
[   20.254448] [cloud-init[0;32m  OK  [0m[937]: ] |     o   ..+E    |Started ACPI event daemon.

[   20.255104] cloud-init[937]: +----[SHA256]-----+
[   20.288824] [[0;32m  OK  [0m] Started System Logging Service.
[[0;32m  OK  [0m] Started Snappy daemon.
[[0;32m  OK  [0m] Started LXD - container startup/shutdown.
cloud-init[937]: Generating public/private ecdsa key pair.
[   20.298256] [[0;32m  OK  [0m] Started /etc/rc.local Compatibility.
cloud-init[937]: Your identification has been saved in /etc/ssh/ssh_host_ecdsa_key.
[   20.306301] cloud-init[937]: Your public key has been saved in /etc/ssh/ssh_host_ecdsa_key.pub.
[   20.310713] cloud-init[937]: The key fingerprint is:
[   20.314174] cloud-init[937]: SHA256:iiJbrRDL2eQh/P+qjGozXPCXD1DZJtNtixmYB61s5V0 root@ubuntu-xenial
[   20.317916] cloud-init[937]: The key's randomart image is:
[   20.320688] cloud-init[937]: +---[ECDSA 256]---+
[   20.323509] cloud-init[937]: |     .O .        |
[   20.326832] cloud-init[937]: |     B O o E     |
[   20.331002] cloud-init[937]: |    o O * o      |
[[0;32m  OK  [0m] Started LSB: MD monitoring daemon.
[   20.338343] cloud-init[937]: |.. . + + o       |
[   20.351186] [cloud-init[0;32m  OK  [0m[937]: ] |.oooo . S        |Started Login to default iSCSI targets.

[   20.351897] cloud-init[937]: |.oB+.= .         |
[   20.365928] cloud-init[937]: |=o+++ +          |
[   20.368965] cloud-init[937]: | Xoo.  .         |
[   20.388120] cloud-init[937]: |=.+o.oo.         |
[   20.412240] cloud-init[937]: +----[SHA256]-----+
[   20.412710] cloud-init[937]: Generating public/private ed25519 key pair.
[   20.412838] cloud-init[937]: Your identification has been saved in /etc/ssh/ssh_host_ed25519_key.
[   20.412950] cloud-init[937]: Your public key has been saved in /etc/ssh/ssh_host_ed25519_key.pub.
[   20.413060] cloud-init[937]: The key fingerprint is:
[[0;32m  OK  [0m] Started LSB: Record successful boot for GRUB.
[   20.413180] cloud-init[937]: SHA256:fdR0/x6hKs8i1NlTPaLo8WWZyURVwRYEwBp3sAjz/WI root@ubuntu-xenial
[[0;32m  OK  [0m] Started Login Service.
[   20.604175] cloud-init[937]: The key's randomart image is:
[   20.611775] cloud-init[937]: +--[ED25519 256]--+
[   20.623366] cloud-init[937]: |       o  .oo.*=*|
[   20.660478] cloud-init[937]: |        +.oo.= +.|
[   20.660842] cloud-init[937]: |         o+o+ +..|
         Starting Authenticate and Authorize Users to Run Privileged Tasks...
[   20.661107] cloud-init[937]: |         o ..+.oo|
[   20.668697] cloud-init[937]: |        S =E*o=.o|
[[0;32m  OK  [0m] Reached target Remote File Systems (Pre).
[[0;32m  OK  [0m] Reached target Remote File Systems.
[   20.668898] cloud-init[937]: |       . =.=oB ..|
[   20.729334] cloud-init[937]: |      . ..o.+   .|
[   20.745360]          cloud-initStarting LSB: VirtualBox Linux Additions...[937]: 
|       . o+.     |
         Starting LSB: daemon to balance interrupts for SMP systems...
[   20.750797] cloud-init         Starting LSB: automatic crash report generation...
         Starting Permit User Sessions...
         Starting LSB: Set the CPU Frequency Scaling governor to "ondemand"...
         Starting Auto import assertions from block devices...
[937]: |        . .o     |
[[0;32m  OK  [0m] Started Authenticate and Authorize Users to Run Privileged Tasks.
[   20.774641] cloud-init[937]: +----[SHA256]-----+
[[0;32m  OK  [0m] Started Permit User Sessions.
[[0;32m  OK  [0m] Started Accounts Service.
[   20.798301] cloud-init[1084]: Generating locales (this might take a while)...
[[0;32m  OK  [0m] Started Auto import assertions from block devices.
         Starting Terminate Plymouth Boot Screen...
         Starting Hold until boot process finishes up...
[[0;32m  OK  [0m] Started LSB: VirtualBox Linux Additions.
[[0;32m  OK  [0m] Started LSB: daemon to balance interrupts for SMP systems.
[[0;32m  OK  [0m] Started Pollinate to seed the pseudo random number generator.
[[0;32m  OK  [0m] Started LSB: automatic crash report generation.
[[0;32m  OK  [0m] Started LSB: Set the CPU Frequency Scaling governor to "ondemand".
[[0;32m  OK  [0m] Started Terminate Plymouth Boot Screen.
[[0;32m  OK  [0m] Started Hold until boot process finishes up.
[[0;32m  OK  [0m] Started Serial Getty on ttyS0.
[[0;32m  OK  [0m] Started Getty on tty1.
[[0;32m  OK  [0m] Reached target Login Prompts.
         Starting Set console scheme...
         Starting OpenBSD Secure Shell server...
[[0;32m  OK  [0m] Started Set console scheme.
[[0;32m  OK  [0m] Started OpenBSD Secure Shell server.
[[0;32m  OK  [0m] Reached target Multi-User System.
[[0;32m  OK  [0m] Reached target Graphical Interface.
         Starting Update UTMP about System Runlevel Changes...
[[0;32m  OK  [0m] Started Update UTMP about System Runlevel Changes.
[   21.721835] cloud-init[1084]:   en_US.UTF-8... done
[   21.745197] cloud-init[1084]: Generation complete.
         Stopping OpenBSD Secure Shell server...
[[0;32m  OK  [0m] Stopped OpenBSD Secure Shell server.
         Starting OpenBSD Secure Shell server...
[[0;32m  OK  [0m] Started OpenBSD Secure Shell server.
[   22.383113] cloud-init[1084]: Cloud-init v. 0.7.9 running 'modules:config' at Mon, 30 Oct 2017 21:17:38 +0000. Up 20.49 seconds.
[[0;32m  OK  [0m] Started Apply the settings specified in cloud-config.
         Starting Execute cloud user/final scripts...
ci-info: no authorized ssh keys fingerprints found for user ubuntu.
<14>Oct 30 21:17:40 ec2: 
<14>Oct 30 21:17:40 ec2: #############################################################
<14>Oct 30 21:17:40 ec2: -----BEGIN SSH HOST KEY FINGERPRINTS-----
<14>Oct 30 21:17:40 ec2: 1024 SHA256:xiVM6cQ5fakWTUeqRlhy0CQ8TA8nGtC5xqHvZtXtau8 root@ubuntu-xenial (DSA)
<14>Oct 30 21:17:40 ec2: 256 SHA256:iiJbrRDL2eQh/P+qjGozXPCXD1DZJtNtixmYB61s5V0 root@ubuntu-xenial (ECDSA)
<14>Oct 30 21:17:40 ec2: 256 SHA256:fdR0/x6hKs8i1NlTPaLo8WWZyURVwRYEwBp3sAjz/WI root@ubuntu-xenial (ED25519)
<14>Oct 30 21:17:40 ec2: 2048 SHA256:Ccr//+wJoxwxZhWg3Iv4Iq/nFCiiXFoMuPD5cqyn5ng root@ubuntu-xenial (RSA)
<14>Oct 30 21:17:40 ec2: -----END SSH HOST KEY FINGERPRINTS-----
<14>Oct 30 21:17:40 ec2: #############################################################
-----BEGIN SSH HOST KEY KEYS-----
ecdsa-sha2-nistp256 AAAAE2VjZHNhLXNoYTItbmlzdHAyNTYAAAAIbmlzdHAyNTYAAABBBPUxOh1VZPLT7SexApFMinDHwMWCLYyq7uIOL23yqf5ZE5chrWnhhY6H2xJMemRHsTTWZv2D1ef5sMnCFROUklc= root@ubuntu-xenial
ssh-ed25519 AAAAC3NzaC1lZDI1NTE5AAAAIJ3IT2qG+9+E7LVuvcRKerS55iLlVvur7IN+QQfG0B3W root@ubuntu-xenial
ssh-rsa AAAAB3NzaC1yc2EAAAADAQABAAABAQDKvO+JK+9J5KcmDkbZXviUb1zct7OO6sWZcXgIgcj68YVUfLc7n67/R90s6m+QZpCZMx4ay9/eS97ycPkN9MAEogbm0MSG0SfjZDxD4reJZ/b/80s7iUb0w5vv31iCeTkNgZzndW8NcWeGDubOam/9G785N/Uj7STJu80dGEylKBe7Zsp0MNLN71dfUb9wrRQb3zbGkV2sGRTU9ke7GxtenO6pvd6YoLHHhFMU7VdXgM6vonCrqeUJuQdPS5/a27Au97SubPnnLmCBEdiZZhMzoaj3dh2EfQKrBIQ1OhHEAEy/sGmYwnMq/04SQUH47GiTav2UYAS5WqyC5zIFDZEl root@ubuntu-xenial
-----END SSH HOST KEY KEYS-----
[   23.511099] cloud-init[1310]: Cloud-init v. 0.7.9 running 'modules:final' at Mon, 30 Oct 2017 21:17:40 +0000. Up 22.88 seconds.
[   23.526552] cloud-init[1310]: ci-info: no authorized ssh keys fingerprints found for user ubuntu.
[   23.531013] cloud-init[1310]: Cloud-init v. 0.7.9 finished at Mon, 30 Oct 2017 21:17:41 +0000. Datasource DataSourceNoCloud [seed=/dev/sdb][dsmode=net].  Up 23.50 seconds
[[0;32m  OK  [0m] Started Execute cloud user/final scripts.
[[0;32m  OK  [0m] Reached target Cloud-init target.

Ubuntu 16.04.3 LTS ubuntu-xenial ttyS0

ubuntu-xenial login: 